# JRE version: Java(TM) SE Runtime Environment (8.0_271-b09) (build 1.8.0_271-b09)
# Java VM: Java HotSpot(TM) 64-Bit Server VM (25.271-b09 mixed mode windows-amd64 compressed oops)
Heap:
 PSYoungGen      total 586752K, used 127978K [0x00000000d5580000, 0x0000000100000000, 0x0000000100000000)
  eden space 530944K, 13% used [0x00000000d5580000,0x00000000d9bfb508,0x00000000f5c00000)
  from space 55808K, 99% used [0x00000000fc980000,0x00000000fffff310,0x0000000100000000)
  to   space 83968K, 0% used [0x00000000f5c00000,0x00000000f5c00000,0x00000000fae00000)
 ParOldGen       total 328704K, used 154290K [0x0000000080000000, 0x0000000094100000, 0x00000000d5580000)
  object space 328704K, 46% used [0x0000000080000000,0x00000000896ac9c0,0x0000000094100000)
 Metaspace       used 110102K, capacity 115124K, committed 115456K, reserved 1148928K
  class space    used 14626K, capacity 15471K, committed 15616K, reserved 1048576K
GC Heap History (10 events):
Event: 14.891 GC heap before
{Heap before GC invocations=16 (full 4):
 PSYoungGen      total 449536K, used 27250K [0x00000000d5580000, 0x00000000f6900000, 0x0000000100000000)
  eden space 408576K, 0% used [0x00000000d5580000,0x00000000d5580000,0x00000000ee480000)
  from space 40960K, 66% used [0x00000000f0d80000,0x00000000f281c9f8,0x00000000f3580000)
  to   space 41984K, 0% used [0x00000000ee480000,0x00000000ee480000,0x00000000f0d80000)
 ParOldGen       total 229888K, used 78058K [0x0000000080000000, 0x000000008e080000, 0x00000000d5580000)
  object space 229888K, 33% used [0x0000000080000000,0x0000000084c3a8f8,0x000000008e080000)
 Metaspace       used 93609K, capacity 98470K, committed 98560K, reserved 1134592K
  class space    used 12736K, capacity 13608K, committed 13696K, reserved 1048576K
Event: 15.045 GC heap after
Heap after GC invocations=16 (full 4):
 PSYoungGen      total 449536K, used 0K [0x00000000d5580000, 0x00000000f6900000, 0x0000000100000000)
  eden space 408576K, 0% used [0x00000000d5580000,0x00000000d5580000,0x00000000ee480000)
  from space 40960K, 0% used [0x00000000f0d80000,0x00000000f0d80000,0x00000000f3580000)
  to   space 41984K, 0% used [0x00000000ee480000,0x00000000ee480000,0x00000000f0d80000)
 ParOldGen       total 328704K, used 75142K [0x0000000080000000, 0x0000000094100000, 0x00000000d5580000)
  object space 328704K, 22% used [0x0000000080000000,0x0000000084961ac0,0x0000000094100000)
 Metaspace       used 92838K, capacity 96476K, committed 98560K, reserved 1134592K
  class space    used 12464K, capacity 13137K, committed 13696K, reserved 1048576K
}
Event: 16.533 GC heap before
{Heap before GC invocations=17 (full 4):
 PSYoungGen      total 449536K, used 408576K [0x00000000d5580000, 0x00000000f6900000, 0x0000000100000000)
  eden space 408576K, 100% used [0x00000000d5580000,0x00000000ee480000,0x00000000ee480000)
  from space 40960K, 0% used [0x00000000f0d80000,0x00000000f0d80000,0x00000000f3580000)
  to   space 41984K, 0% used [0x00000000ee480000,0x00000000ee480000,0x00000000f0d80000)
 ParOldGen       total 328704K, used 75142K [0x0000000080000000, 0x0000000094100000, 0x00000000d5580000)
  object space 328704K, 22% used [0x0000000080000000,0x0000000084961ac0,0x0000000094100000)
 Metaspace       used 97859K, capacity 102268K, committed 103296K, reserved 1138688K
  class space    used 13091K, capacity 13871K, committed 14208K, reserved 1048576K
Event: 16.543 GC heap after
Heap after GC invocations=17 (full 4):
 PSYoungGen      total 450560K, used 9563K [0x00000000d5580000, 0x00000000fa380000, 0x0000000100000000)
  eden space 408576K, 0% used [0x00000000d5580000,0x00000000d5580000,0x00000000ee480000)
  from space 41984K, 22% used [0x00000000ee480000,0x00000000eedd6f60,0x00000000f0d80000)
  to   space 41472K, 0% used [0x00000000f7b00000,0x00000000f7b00000,0x00000000fa380000)
 ParOldGen       total 328704K, used 75150K [0x0000000080000000, 0x0000000094100000, 0x00000000d5580000)
  object space 328704K, 22% used [0x0000000080000000,0x0000000084963ac0,0x0000000094100000)
 Metaspace       used 97859K, capacity 102268K, committed 103296K, reserved 1138688K
  class space    used 13091K, capacity 13871K, committed 14208K, reserved 1048576K
}
Event: 17.492 GC heap before
{Heap before GC invocations=18 (full 4):
 PSYoungGen      total 450560K, used 418139K [0x00000000d5580000, 0x00000000fa380000, 0x0000000100000000)
  eden space 408576K, 100% used [0x00000000d5580000,0x00000000ee480000,0x00000000ee480000)
  from space 41984K, 22% used [0x00000000ee480000,0x00000000eedd6f60,0x00000000f0d80000)
  to   space 41472K, 0% used [0x00000000f7b00000,0x00000000f7b00000,0x00000000fa380000)
 ParOldGen       total 328704K, used 75150K [0x0000000080000000, 0x0000000094100000, 0x00000000d5580000)
  object space 328704K, 22% used [0x0000000080000000,0x0000000084963ac0,0x0000000094100000)
 Metaspace       used 98905K, capacity 103372K, committed 104064K, reserved 1138688K
  class space    used 13179K, capacity 13971K, committed 14208K, reserved 1048576K
Event: 17.505 GC heap after
Heap after GC invocations=18 (full 4):
 PSYoungGen      total 544256K, used 14381K [0x00000000d5580000, 0x00000000f9900000, 0x0000000100000000)
  eden space 513536K, 0% used [0x00000000d5580000,0x00000000d5580000,0x00000000f4b00000)
  from space 30720K, 46% used [0x00000000f7b00000,0x00000000f890b5f8,0x00000000f9900000)
  to   space 39936K, 0% used [0x00000000f4b00000,0x00000000f4b00000,0x00000000f7200000)
 ParOldGen       total 328704K, used 75158K [0x0000000080000000, 0x0000000094100000, 0x00000000d5580000)
  object space 328704K, 22% used [0x0000000080000000,0x0000000084965ac0,0x0000000094100000)
 Metaspace       used 98905K, capacity 103372K, committed 104064K, reserved 1138688K
  class space    used 13179K, capacity 13971K, committed 14208K, reserved 1048576K
}
Event: 18.991 GC heap before
{Heap before GC invocations=19 (full 4):
 PSYoungGen      total 544256K, used 527917K [0x00000000d5580000, 0x00000000f9900000, 0x0000000100000000)
  eden space 513536K, 100% used [0x00000000d5580000,0x00000000f4b00000,0x00000000f4b00000)
  from space 30720K, 46% used [0x00000000f7b00000,0x00000000f890b5f8,0x00000000f9900000)
  to   space 39936K, 0% used [0x00000000f4b00000,0x00000000f4b00000,0x00000000f7200000)
 ParOldGen       total 328704K, used 75158K [0x0000000080000000, 0x0000000094100000, 0x00000000d5580000)
  object space 328704K, 22% used [0x0000000080000000,0x0000000084965ac0,0x0000000094100000)
 Metaspace       used 101347K, capacity 106118K, committed 106624K, reserved 1140736K
  class space    used 13444K, capacity 14261K, committed 14464K, reserved 1048576K
Event: 19.031 GC heap after
Heap after GC invocations=19 (full 4):
 PSYoungGen      total 553472K, used 39935K [0x00000000d5580000, 0x0000000100000000, 0x0000000100000000)
  eden space 513536K, 0% used [0x00000000d5580000,0x00000000d5580000,0x00000000f4b00000)
  from space 39936K, 99% used [0x00000000f4b00000,0x00000000f71ffe80,0x00000000f7200000)
  to   space 55808K, 0% used [0x00000000fc980000,0x00000000fc980000,0x0000000100000000)
 ParOldGen       total 328704K, used 102858K [0x0000000080000000, 0x0000000094100000, 0x00000000d5580000)
  object space 328704K, 31% used [0x0000000080000000,0x0000000086472b30,0x0000000094100000)
 Metaspace       used 101347K, capacity 106118K, committed 106624K, reserved 1140736K
  class space    used 13444K, capacity 14261K, committed 14464K, reserved 1048576K
}
Event: 20.770 GC heap before
{Heap before GC invocations=20 (full 4):
 PSYoungGen      total 553472K, used 553471K [0x00000000d5580000, 0x0000000100000000, 0x0000000100000000)
  eden space 513536K, 100% used [0x00000000d5580000,0x00000000f4b00000,0x00000000f4b00000)
  from space 39936K, 99% used [0x00000000f4b00000,0x00000000f71ffe80,0x00000000f7200000)
  to   space 55808K, 0% used [0x00000000fc980000,0x00000000fc980000,0x0000000100000000)
 ParOldGen       total 328704K, used 102858K [0x0000000080000000, 0x0000000094100000, 0x00000000d5580000)
  object space 328704K, 31% used [0x0000000080000000,0x0000000086472b30,0x0000000094100000)
 Metaspace       used 107539K, capacity 112360K, committed 112768K, reserved 1146880K
  class space    used 14246K, capacity 15061K, committed 15232K, reserved 1048576K
Event: 20.821 GC heap after
Heap after GC invocations=20 (full 4):
 PSYoungGen      total 586752K, used 55804K [0x00000000d5580000, 0x0000000100000000, 0x0000000100000000)
  eden space 530944K, 0% used [0x00000000d5580000,0x00000000d5580000,0x00000000f5c00000)
  from space 55808K, 99% used [0x00000000fc980000,0x00000000fffff310,0x0000000100000000)
  to   space 83968K, 0% used [0x00000000f5c00000,0x00000000f5c00000,0x00000000fae00000)
 ParOldGen       total 328704K, used 154290K [0x0000000080000000, 0x0000000094100000, 0x00000000d5580000)
  object space 328704K, 46% used [0x0000000080000000,0x00000000896ac9c0,0x0000000094100000)
 Metaspace       used 107539K, capacity 112360K, committed 112768K, reserved 1146880K
  class space    used 14246K, capacity 15061K, committed 15232K, reserved 1048576K
}

